[2025-07-06 21:05:34Z INFO HostContext] No proxy settings were found based on environmental variables (http_proxy/https_proxy/HTTP_PROXY/HTTPS_PROXY)
[2025-07-06 21:05:34Z INFO HostContext] Well known directory 'Bin': 'C:\Users\Fernando\FPConsultorias\actions-runner\bin'
[2025-07-06 21:05:34Z INFO HostContext] Well known directory 'Root': 'C:\Users\Fernando\FPConsultorias\actions-runner'
[2025-07-06 21:05:34Z INFO HostContext] Well known config file 'Credentials': 'C:\Users\Fernando\FPConsultorias\actions-runner\.credentials'
[2025-07-06 21:05:34Z INFO HostContext] Well known directory 'Bin': 'C:\Users\Fernando\FPConsultorias\actions-runner\bin'
[2025-07-06 21:05:34Z INFO HostContext] Well known directory 'Root': 'C:\Users\Fernando\FPConsultorias\actions-runner'
[2025-07-06 21:05:34Z INFO HostContext] Well known config file 'Runner': 'C:\Users\Fernando\FPConsultorias\actions-runner\.runner'
[2025-07-06 21:05:34Z INFO Listener] Runner is built for Windows (X64) - win-x64.
[2025-07-06 21:05:34Z INFO Listener] RuntimeInformation: Microsoft Windows 10.0.19044.
[2025-07-06 21:05:34Z INFO Listener] Version: 2.314.1
[2025-07-06 21:05:34Z INFO Listener] Commit: 976290d966e6cc3e748a49bf8fdbe139ff764201
[2025-07-06 21:05:34Z INFO Listener] Culture: es-CO
[2025-07-06 21:05:34Z INFO Listener] UI Culture: es-ES
[2025-07-06 21:05:34Z INFO HostContext] Well known directory 'Bin': 'C:\Users\Fernando\FPConsultorias\actions-runner\bin'
[2025-07-06 21:05:34Z INFO HostContext] Well known directory 'Root': 'C:\Users\Fernando\FPConsultorias\actions-runner'
[2025-07-06 21:05:34Z INFO Listener] Validating directory permissions for: 'C:\Users\Fernando\FPConsultorias\actions-runner'
[2025-07-06 21:05:34Z INFO CommandLineParser] Parse
[2025-07-06 21:05:34Z INFO CommandLineParser] Parsing 1 args
[2025-07-06 21:05:34Z INFO CommandLineParser] parsing argument
[2025-07-06 21:05:34Z INFO CommandLineParser] HasArgs: False
[2025-07-06 21:05:34Z INFO CommandLineParser] Adding Command: remove
[2025-07-06 21:05:34Z INFO Listener] Arguments parsed
[2025-07-06 21:05:34Z INFO Runner] ExecuteCommand
[2025-07-06 21:05:34Z INFO ConfigurationStore] currentAssemblyLocation: C:\Users\Fernando\FPConsultorias\actions-runner\bin\Runner.Listener.dll
[2025-07-06 21:05:34Z INFO HostContext] Well known directory 'Bin': 'C:\Users\Fernando\FPConsultorias\actions-runner\bin'
[2025-07-06 21:05:34Z INFO ConfigurationStore] binPath: C:\Users\Fernando\FPConsultorias\actions-runner\bin
[2025-07-06 21:05:34Z INFO HostContext] Well known directory 'Bin': 'C:\Users\Fernando\FPConsultorias\actions-runner\bin'
[2025-07-06 21:05:34Z INFO HostContext] Well known directory 'Root': 'C:\Users\Fernando\FPConsultorias\actions-runner'
[2025-07-06 21:05:34Z INFO ConfigurationStore] RootFolder: C:\Users\Fernando\FPConsultorias\actions-runner
[2025-07-06 21:05:34Z INFO HostContext] Well known directory 'Bin': 'C:\Users\Fernando\FPConsultorias\actions-runner\bin'
[2025-07-06 21:05:34Z INFO HostContext] Well known directory 'Root': 'C:\Users\Fernando\FPConsultorias\actions-runner'
[2025-07-06 21:05:34Z INFO HostContext] Well known config file 'Runner': 'C:\Users\Fernando\FPConsultorias\actions-runner\.runner'
[2025-07-06 21:05:34Z INFO ConfigurationStore] ConfigFilePath: C:\Users\Fernando\FPConsultorias\actions-runner\.runner
[2025-07-06 21:05:34Z INFO HostContext] Well known directory 'Bin': 'C:\Users\Fernando\FPConsultorias\actions-runner\bin'
[2025-07-06 21:05:34Z INFO HostContext] Well known directory 'Root': 'C:\Users\Fernando\FPConsultorias\actions-runner'
[2025-07-06 21:05:34Z INFO HostContext] Well known config file 'Credentials': 'C:\Users\Fernando\FPConsultorias\actions-runner\.credentials'
[2025-07-06 21:05:34Z INFO ConfigurationStore] CredFilePath: C:\Users\Fernando\FPConsultorias\actions-runner\.credentials
[2025-07-06 21:05:34Z INFO HostContext] Well known directory 'Bin': 'C:\Users\Fernando\FPConsultorias\actions-runner\bin'
[2025-07-06 21:05:34Z INFO HostContext] Well known directory 'Root': 'C:\Users\Fernando\FPConsultorias\actions-runner'
[2025-07-06 21:05:34Z INFO HostContext] Well known config file 'MigratedCredentials': 'C:\Users\Fernando\FPConsultorias\actions-runner\.credentials_migrated'
[2025-07-06 21:05:34Z INFO ConfigurationStore] MigratedCredFilePath: C:\Users\Fernando\FPConsultorias\actions-runner\.credentials_migrated
[2025-07-06 21:05:34Z INFO HostContext] Well known directory 'Bin': 'C:\Users\Fernando\FPConsultorias\actions-runner\bin'
[2025-07-06 21:05:34Z INFO HostContext] Well known directory 'Root': 'C:\Users\Fernando\FPConsultorias\actions-runner'
[2025-07-06 21:05:34Z INFO HostContext] Well known config file 'Service': 'C:\Users\Fernando\FPConsultorias\actions-runner\.service'
[2025-07-06 21:05:34Z INFO ConfigurationStore] ServiceConfigFilePath: C:\Users\Fernando\FPConsultorias\actions-runner\.service
[2025-07-06 21:05:34Z INFO CommandSettings] Flag 'help': 'False'
[2025-07-06 21:05:34Z INFO CommandSettings] Flag 'version': 'False'
[2025-07-06 21:05:34Z INFO CommandSettings] Flag 'commit': 'False'
[2025-07-06 21:05:34Z INFO CommandSettings] Flag 'check': 'False'
[2025-07-06 21:05:34Z INFO CommandSettings] Command 'configure': 'False'
[2025-07-06 21:05:34Z INFO CommandSettings] Command 'remove': 'True'
[2025-07-06 21:05:34Z INFO CommandSettings] Flag 'local': 'False'
[2025-07-06 21:05:34Z INFO ConfigurationStore] IsServiceConfigured()
[2025-07-06 21:05:34Z INFO ConfigurationStore] IsServiceConfigured: False
[2025-07-06 21:05:34Z INFO ConfigurationStore] IsConfigured()
[2025-07-06 21:05:34Z INFO ConfigurationStore] IsConfigured: True
[2025-07-06 21:05:34Z INFO ConfigurationStore] HasCredentials()
[2025-07-06 21:05:34Z INFO ConfigurationStore] stored True
[2025-07-06 21:05:34Z INFO ConfigurationStore] Read setting file: 319 chars
[2025-07-06 21:05:34Z INFO CommandSettings] Arg 'token': ''
[2025-07-06 21:05:34Z INFO CommandSettings] Flag 'unattended': 'False'
[2025-07-06 21:05:34Z INFO PromptManager] ReadValue
[2025-07-06 21:05:34Z INFO Terminal] WRITE: Enter runner remove token: 
[2025-07-06 21:05:34Z INFO Terminal] READ SECRET
[2025-07-06 21:05:57Z INFO Terminal] Read value: ''
[2025-07-06 21:05:57Z INFO Terminal] WRITE: Enter runner remove token: 
[2025-07-06 21:05:57Z INFO Terminal] READ SECRET
[2025-07-06 21:05:58Z INFO Terminal] Read value: ''
[2025-07-06 21:05:58Z INFO Terminal] WRITE: Enter runner remove token: 
[2025-07-06 21:05:58Z INFO Terminal] READ SECRET
[2025-07-06 21:05:59Z INFO Terminal] Read value: ''
[2025-07-06 21:05:59Z INFO Terminal] WRITE: Enter runner remove token: 
[2025-07-06 21:05:59Z INFO Terminal] READ SECRET
[2025-07-06 21:08:01Z INFO Terminal] Read value: '***'
[2025-07-06 21:08:02Z ERR  Terminal] WRITE ERROR: Http response code: BadRequest from 'POST https://api.github.com/actions/runner-registration' (Request Id: C984:DD39C:2C912D:5AF2CC:686AE5B3)
[2025-07-06 21:08:02Z ERR  Terminal] WRITE ERROR: Bad Request
[2025-07-06 21:08:02Z ERR  ConfigurationManager] Failed to get tenant credentials -- Attempt: 1
[2025-07-06 21:08:02Z ERR  ConfigurationManager] System.Net.Http.HttpRequestException: Response status code does not indicate success: 400 (Bad Request).
   at System.Net.Http.HttpResponseMessage.EnsureSuccessStatusCode()
   at GitHub.Runner.Listener.Configuration.ConfigurationManager.GetTenantCredential(String githubUrl, String githubToken, String runnerEvent)
[2025-07-06 21:08:02Z INFO ConfigurationManager] Retrying in 4 seconds
[2025-07-06 21:08:07Z ERR  Terminal] WRITE ERROR: Http response code: BadRequest from 'POST https://api.github.com/actions/runner-registration' (Request Id: C986:35137F:2EC44C:5F6567:686AE5B8)
[2025-07-06 21:08:07Z ERR  Terminal] WRITE ERROR: Bad Request
[2025-07-06 21:08:07Z ERR  ConfigurationManager] Failed to get tenant credentials -- Attempt: 2
[2025-07-06 21:08:07Z ERR  ConfigurationManager] System.Net.Http.HttpRequestException: Response status code does not indicate success: 400 (Bad Request).
   at System.Net.Http.HttpResponseMessage.EnsureSuccessStatusCode()
   at GitHub.Runner.Listener.Configuration.ConfigurationManager.GetTenantCredential(String githubUrl, String githubToken, String runnerEvent)
[2025-07-06 21:08:07Z INFO ConfigurationManager] Retrying in 3 seconds
[2025-07-06 21:08:11Z ERR  Terminal] WRITE ERROR: Http response code: BadRequest from 'POST https://api.github.com/actions/runner-registration' (Request Id: C987:1584E4:6742075:D1B1B47:686AE5BC)
[2025-07-06 21:08:11Z ERR  Terminal] WRITE ERROR: Bad Request
[2025-07-06 21:08:11Z ERR  Terminal] WRITE ERROR: Failed: Removing runner from the server
[2025-07-06 21:08:11Z ERR  Runner] System.Net.Http.HttpRequestException: Response status code does not indicate success: 400 (Bad Request).
   at System.Net.Http.HttpResponseMessage.EnsureSuccessStatusCode()
   at GitHub.Runner.Listener.Configuration.ConfigurationManager.GetTenantCredential(String githubUrl, String githubToken, String runnerEvent)
   at GitHub.Runner.Listener.Configuration.ConfigurationManager.UnconfigureAsync(CommandSettings command)
   at GitHub.Runner.Listener.Runner.ExecuteCommand(CommandSettings command)
[2025-07-06 21:08:11Z ERR  Terminal] WRITE ERROR: Response status code does not indicate success: 400 (Bad Request).
[2025-07-06 21:08:11Z INFO Listener] Runner execution has finished with return code 1
