[2025-07-06 21:18:27Z INFO HostContext] No proxy settings were found based on environmental variables (http_proxy/https_proxy/HTTP_PROXY/HTTPS_PROXY)
[2025-07-06 21:18:27Z INFO HostContext] Well known directory 'Bin': 'C:\Users\Fernando\FPConsultorias\actions-runner\bin'
[2025-07-06 21:18:27Z INFO HostContext] Well known directory 'Root': 'C:\Users\Fernando\FPConsultorias\actions-runner'
[2025-07-06 21:18:27Z INFO HostContext] Well known config file 'Credentials': 'C:\Users\Fernando\FPConsultorias\actions-runner\.credentials'
[2025-07-06 21:18:27Z INFO HostContext] Well known directory 'Bin': 'C:\Users\Fernando\FPConsultorias\actions-runner\bin'
[2025-07-06 21:18:27Z INFO HostContext] Well known directory 'Root': 'C:\Users\Fernando\FPConsultorias\actions-runner'
[2025-07-06 21:18:27Z INFO HostContext] Well known config file 'Runner': 'C:\Users\Fernando\FPConsultorias\actions-runner\.runner'
[2025-07-06 21:18:27Z INFO Listener] Runner is built for Windows (X64) - win-x64.
[2025-07-06 21:18:27Z INFO Listener] RuntimeInformation: Microsoft Windows 10.0.19044.
[2025-07-06 21:18:27Z INFO Listener] Version: 2.314.1
[2025-07-06 21:18:27Z INFO Listener] Commit: 976290d966e6cc3e748a49bf8fdbe139ff764201
[2025-07-06 21:18:27Z INFO Listener] Culture: es-CO
[2025-07-06 21:18:27Z INFO Listener] UI Culture: es-ES
[2025-07-06 21:18:27Z INFO HostContext] Well known directory 'Bin': 'C:\Users\Fernando\FPConsultorias\actions-runner\bin'
[2025-07-06 21:18:27Z INFO HostContext] Well known directory 'Root': 'C:\Users\Fernando\FPConsultorias\actions-runner'
[2025-07-06 21:18:27Z INFO Listener] Validating directory permissions for: 'C:\Users\Fernando\FPConsultorias\actions-runner'
[2025-07-06 21:18:27Z INFO CommandLineParser] Parse
[2025-07-06 21:18:27Z INFO CommandLineParser] Parsing 5 args
[2025-07-06 21:18:27Z INFO CommandLineParser] parsing argument
[2025-07-06 21:18:27Z INFO CommandLineParser] HasArgs: False
[2025-07-06 21:18:27Z INFO CommandLineParser] Adding Command: configure
[2025-07-06 21:18:27Z INFO CommandLineParser] parsing argument
[2025-07-06 21:18:27Z INFO CommandLineParser] HasArgs: True
[2025-07-06 21:18:27Z INFO CommandLineParser] arg: url
[2025-07-06 21:18:27Z INFO CommandLineParser] parsing argument
[2025-07-06 21:18:27Z INFO CommandLineParser] HasArgs: True
[2025-07-06 21:18:27Z INFO CommandLineParser] Adding option 'url': 'https://github.com/FPConsultorias/FPConsultorias'
[2025-07-06 21:18:27Z INFO CommandLineParser] parsing argument
[2025-07-06 21:18:27Z INFO CommandLineParser] HasArgs: True
[2025-07-06 21:18:27Z INFO CommandLineParser] arg: token
[2025-07-06 21:18:27Z INFO CommandLineParser] parsing argument
[2025-07-06 21:18:27Z INFO CommandLineParser] HasArgs: True
[2025-07-06 21:18:27Z INFO CommandLineParser] Adding option 'token': '***'
[2025-07-06 21:18:27Z INFO Listener] Arguments parsed
[2025-07-06 21:18:27Z INFO Runner] ExecuteCommand
[2025-07-06 21:18:27Z INFO ConfigurationStore] currentAssemblyLocation: C:\Users\Fernando\FPConsultorias\actions-runner\bin\Runner.Listener.dll
[2025-07-06 21:18:27Z INFO HostContext] Well known directory 'Bin': 'C:\Users\Fernando\FPConsultorias\actions-runner\bin'
[2025-07-06 21:18:27Z INFO ConfigurationStore] binPath: C:\Users\Fernando\FPConsultorias\actions-runner\bin
[2025-07-06 21:18:27Z INFO HostContext] Well known directory 'Bin': 'C:\Users\Fernando\FPConsultorias\actions-runner\bin'
[2025-07-06 21:18:27Z INFO HostContext] Well known directory 'Root': 'C:\Users\Fernando\FPConsultorias\actions-runner'
[2025-07-06 21:18:27Z INFO ConfigurationStore] RootFolder: C:\Users\Fernando\FPConsultorias\actions-runner
[2025-07-06 21:18:27Z INFO HostContext] Well known directory 'Bin': 'C:\Users\Fernando\FPConsultorias\actions-runner\bin'
[2025-07-06 21:18:27Z INFO HostContext] Well known directory 'Root': 'C:\Users\Fernando\FPConsultorias\actions-runner'
[2025-07-06 21:18:27Z INFO HostContext] Well known config file 'Runner': 'C:\Users\Fernando\FPConsultorias\actions-runner\.runner'
[2025-07-06 21:18:27Z INFO ConfigurationStore] ConfigFilePath: C:\Users\Fernando\FPConsultorias\actions-runner\.runner
[2025-07-06 21:18:27Z INFO HostContext] Well known directory 'Bin': 'C:\Users\Fernando\FPConsultorias\actions-runner\bin'
[2025-07-06 21:18:27Z INFO HostContext] Well known directory 'Root': 'C:\Users\Fernando\FPConsultorias\actions-runner'
[2025-07-06 21:18:27Z INFO HostContext] Well known config file 'Credentials': 'C:\Users\Fernando\FPConsultorias\actions-runner\.credentials'
[2025-07-06 21:18:27Z INFO ConfigurationStore] CredFilePath: C:\Users\Fernando\FPConsultorias\actions-runner\.credentials
[2025-07-06 21:18:27Z INFO HostContext] Well known directory 'Bin': 'C:\Users\Fernando\FPConsultorias\actions-runner\bin'
[2025-07-06 21:18:27Z INFO HostContext] Well known directory 'Root': 'C:\Users\Fernando\FPConsultorias\actions-runner'
[2025-07-06 21:18:27Z INFO HostContext] Well known config file 'MigratedCredentials': 'C:\Users\Fernando\FPConsultorias\actions-runner\.credentials_migrated'
[2025-07-06 21:18:27Z INFO ConfigurationStore] MigratedCredFilePath: C:\Users\Fernando\FPConsultorias\actions-runner\.credentials_migrated
[2025-07-06 21:18:27Z INFO HostContext] Well known directory 'Bin': 'C:\Users\Fernando\FPConsultorias\actions-runner\bin'
[2025-07-06 21:18:27Z INFO HostContext] Well known directory 'Root': 'C:\Users\Fernando\FPConsultorias\actions-runner'
[2025-07-06 21:18:27Z INFO HostContext] Well known config file 'Service': 'C:\Users\Fernando\FPConsultorias\actions-runner\.service'
[2025-07-06 21:18:27Z INFO ConfigurationStore] ServiceConfigFilePath: C:\Users\Fernando\FPConsultorias\actions-runner\.service
[2025-07-06 21:18:27Z INFO CommandSettings] Flag 'help': 'False'
[2025-07-06 21:18:27Z INFO CommandSettings] Flag 'version': 'False'
[2025-07-06 21:18:27Z INFO CommandSettings] Flag 'commit': 'False'
[2025-07-06 21:18:27Z INFO CommandSettings] Flag 'check': 'False'
[2025-07-06 21:18:27Z INFO CommandSettings] Command 'configure': 'True'
[2025-07-06 21:18:27Z INFO Terminal] WRITE LINE: 
[2025-07-06 21:18:27Z INFO Terminal] WRITE LINE: --------------------------------------------------------------------------------
[2025-07-06 21:18:27Z INFO Terminal] WRITE LINE: |        ____ _ _   _   _       _          _        _   _                      |
[2025-07-06 21:18:27Z INFO Terminal] WRITE LINE: |       / ___(_) |_| | | |_   _| |__      / \   ___| |_(_) ___  _ __  ___      |
[2025-07-06 21:18:27Z INFO Terminal] WRITE LINE: |      | |  _| | __| |_| | | | | '_ \    / _ \ / __| __| |/ _ \| '_ \/ __|     |
[2025-07-06 21:18:27Z INFO Terminal] WRITE LINE: |      | |_| | | |_|  _  | |_| | |_) |  / ___ \ (__| |_| | (_) | | | \__ \     |
[2025-07-06 21:18:27Z INFO Terminal] WRITE LINE: |       \____|_|\__|_| |_|\__,_|_.__/  /_/   \_\___|\__|_|\___/|_| |_|___/     |
[2025-07-06 21:18:27Z INFO Terminal] WRITE LINE: |                                                                              |
[2025-07-06 21:18:27Z INFO Terminal] WRITE: |                       
[2025-07-06 21:18:27Z INFO Terminal] WRITE: Self-hosted runner registration
[2025-07-06 21:18:27Z INFO Terminal] WRITE LINE:                         |
[2025-07-06 21:18:27Z INFO Terminal] WRITE LINE: |                                                                              |
[2025-07-06 21:18:27Z INFO Terminal] WRITE LINE: --------------------------------------------------------------------------------
[2025-07-06 21:18:27Z INFO ConfigurationManager] ConfigureAsync
[2025-07-06 21:18:27Z INFO CommandSettings] Flag 'generateServiceConfig': 'False'
[2025-07-06 21:18:27Z INFO ConfigurationStore] IsConfigured()
[2025-07-06 21:18:27Z INFO ConfigurationStore] IsConfigured: False
[2025-07-06 21:18:27Z INFO ConfigurationManager] Is configured: False
[2025-07-06 21:18:27Z INFO CommandSettings] Arg 'url': 'https://github.com/FPConsultorias/FPConsultorias'
[2025-07-06 21:18:27Z INFO CommandSettings] Remove url from Arg dictionary.
[2025-07-06 21:18:27Z INFO CommandSettings] Arg 'token': '***'
[2025-07-06 21:18:27Z INFO CommandSettings] Remove token from Arg dictionary.
[2025-07-06 21:18:28Z INFO ConfigurationManager] Http response code: OK from 'POST https://api.github.com/actions/runner-registration' (CA18:32916F:ED7E1:1E030C:686AE825)
[2025-07-06 21:18:28Z INFO ConfigurationManager] Using V2 flow: False
[2025-07-06 21:18:28Z INFO ConfigurationManager] cred retrieved via GitHub auth
[2025-07-06 21:18:28Z INFO RunnerServer] EstablishVssConnection
[2025-07-06 21:18:28Z INFO RunnerServer] Establish connection with 100 seconds timeout.
[2025-07-06 21:18:28Z INFO GitHubActionsService] Starting operation Location.GetConnectionData
[2025-07-06 21:18:28Z INFO RunnerServer] EstablishVssConnection
[2025-07-06 21:18:28Z INFO RunnerServer] Establish connection with 60 seconds timeout.
[2025-07-06 21:18:28Z INFO GitHubActionsService] Starting operation Location.GetConnectionData
[2025-07-06 21:18:28Z INFO RunnerServer] EstablishVssConnection
[2025-07-06 21:18:28Z INFO RunnerServer] Establish connection with 60 seconds timeout.
[2025-07-06 21:18:28Z INFO GitHubActionsService] Starting operation Location.GetConnectionData
[2025-07-06 21:18:28Z INFO GitHubActionsService] Finished operation Location.GetConnectionData
[2025-07-06 21:18:28Z INFO GitHubActionsService] Finished operation Location.GetConnectionData
[2025-07-06 21:18:28Z INFO GitHubActionsService] Finished operation Location.GetConnectionData
[2025-07-06 21:18:28Z INFO Terminal] WRITE LINE: 
[2025-07-06 21:18:28Z INFO ConfigurationManager] Test Connection complete.
[2025-07-06 21:18:28Z INFO HostContext] Well known directory 'Bin': 'C:\Users\Fernando\FPConsultorias\actions-runner\bin'
[2025-07-06 21:18:28Z INFO HostContext] Well known directory 'Root': 'C:\Users\Fernando\FPConsultorias\actions-runner'
[2025-07-06 21:18:28Z INFO HostContext] Well known config file 'RSACredentials': 'C:\Users\Fernando\FPConsultorias\actions-runner\.credentials_rsaparams'
[2025-07-06 21:18:28Z INFO RSAEncryptedFileKeyManager] Creating new RSA key using 2048-bit key length
[2025-07-06 21:18:29Z INFO RSAEncryptedFileKeyManager] Successfully saved RSA key parameters to file C:\Users\Fernando\FPConsultorias\actions-runner\.credentials_rsaparams
[2025-07-06 21:18:29Z INFO CommandSettings] Arg 'runnergroup': ''
[2025-07-06 21:18:29Z INFO CommandSettings] Flag 'unattended': 'False'
[2025-07-06 21:18:29Z INFO PromptManager] ReadValue
[2025-07-06 21:18:29Z INFO Terminal] WRITE: Enter the name of the runner group to add this runner to: 
[2025-07-06 21:18:29Z INFO Terminal] WRITE: [press Enter for Default] 
[2025-07-06 21:18:29Z INFO Terminal] READ LINE
[2025-07-06 21:18:31Z INFO Terminal] Read value: ''
[2025-07-06 21:18:31Z INFO PromptManager] Falling back to the default: 'Default'
[2025-07-06 21:18:31Z INFO Terminal] WRITE LINE: 
[2025-07-06 21:18:31Z INFO ConfigurationManager] Found a self-hosted runner group with id 1 and name Default
[2025-07-06 21:18:31Z INFO CommandSettings] Flag 'disableupdate': 'False'
[2025-07-06 21:18:31Z INFO CommandSettings] Flag 'ephemeral': 'False'
[2025-07-06 21:18:31Z INFO CommandSettings] Arg 'name': ''
[2025-07-06 21:18:31Z INFO CommandSettings] Flag 'unattended': 'False'
[2025-07-06 21:18:31Z INFO PromptManager] ReadValue
[2025-07-06 21:18:31Z INFO Terminal] WRITE: Enter the name of runner: 
[2025-07-06 21:18:31Z INFO Terminal] WRITE: [press Enter for DESKTOP-60NN6RQ] 
[2025-07-06 21:18:31Z INFO Terminal] READ LINE
[2025-07-06 21:18:35Z INFO Terminal] Read value: ''
[2025-07-06 21:18:35Z INFO PromptManager] Falling back to the default: 'DESKTOP-60NN6RQ'
[2025-07-06 21:18:35Z INFO Terminal] WRITE LINE: 
[2025-07-06 21:18:35Z INFO CommandSettings] Arg 'labels': ''
[2025-07-06 21:18:35Z INFO CommandSettings] Flag 'unattended': 'False'
[2025-07-06 21:18:35Z INFO PromptManager] ReadValue
[2025-07-06 21:18:35Z INFO Terminal] WRITE: This runner will have the following labels: 'self-hosted', 'Windows', 'X64' 
Enter any additional labels (ex. label-1,label-2): 
[2025-07-06 21:18:35Z INFO Terminal] WRITE: [press Enter to skip] 
[2025-07-06 21:18:35Z INFO Terminal] READ LINE
[2025-07-06 21:18:39Z INFO Terminal] Read value: ''
[2025-07-06 21:18:39Z INFO Terminal] WRITE LINE: 
[2025-07-06 21:18:40Z INFO CommandSettings] Flag 'disableupdate': 'False'
[2025-07-06 21:18:40Z INFO CommandSettings] Flag 'no-default-labels': 'False'
[2025-07-06 21:18:40Z INFO CommandSettings] Flag 'disableupdate': 'False'
[2025-07-06 21:18:40Z INFO CommandSettings] Flag 'ephemeral': 'False'
[2025-07-06 21:18:40Z INFO ConfigurationStore] Saving OAuth credential @ C:\Users\Fernando\FPConsultorias\actions-runner\.credentials
[2025-07-06 21:18:40Z INFO ConfigurationStore] Credentials Saved.
[2025-07-06 21:18:40Z INFO ConfigurationStore] HasCredentials()
[2025-07-06 21:18:40Z INFO ConfigurationStore] stored True
[2025-07-06 21:18:40Z INFO CredentialManager] GetCredentialProvider
[2025-07-06 21:18:40Z INFO CredentialManager] Creating type OAuth
[2025-07-06 21:18:40Z INFO CredentialManager] Creating credential type: OAuth
[2025-07-06 21:18:40Z INFO RSAEncryptedFileKeyManager] Loading RSA key parameters from file C:\Users\Fernando\FPConsultorias\actions-runner\.credentials_rsaparams
[2025-07-06 21:18:40Z INFO RunnerServer] EstablishVssConnection
[2025-07-06 21:18:40Z INFO RunnerServer] Establish connection with 100 seconds timeout.
[2025-07-06 21:18:40Z INFO GitHubActionsService] Starting operation Location.GetConnectionData
[2025-07-06 21:18:40Z INFO RunnerServer] EstablishVssConnection
[2025-07-06 21:18:40Z INFO RunnerServer] Establish connection with 60 seconds timeout.
[2025-07-06 21:18:40Z INFO GitHubActionsService] Starting operation Location.GetConnectionData
[2025-07-06 21:18:40Z INFO RunnerServer] EstablishVssConnection
[2025-07-06 21:18:40Z INFO RunnerServer] Establish connection with 60 seconds timeout.
[2025-07-06 21:18:40Z INFO GitHubActionsService] Starting operation Location.GetConnectionData
[2025-07-06 21:18:40Z INFO GitHubActionsService] Finished operation Location.GetConnectionData
[2025-07-06 21:18:40Z INFO GitHubActionsService] Finished operation Location.GetConnectionData
[2025-07-06 21:18:40Z INFO GitHubActionsService] Finished operation Location.GetConnectionData
[2025-07-06 21:18:40Z INFO RSAEncryptedFileKeyManager] Loading RSA key parameters from file C:\Users\Fernando\FPConsultorias\actions-runner\.credentials_rsaparams
[2025-07-06 21:18:41Z INFO RSAEncryptedFileKeyManager] Loading RSA key parameters from file C:\Users\Fernando\FPConsultorias\actions-runner\.credentials_rsaparams
[2025-07-06 21:18:41Z INFO GitHubActionsService] AAD Correlation ID for this token request: Unknown
[2025-07-06 21:18:41Z INFO CommandSettings] Arg 'work': ''
[2025-07-06 21:18:41Z INFO CommandSettings] Flag 'unattended': 'False'
[2025-07-06 21:18:41Z INFO PromptManager] ReadValue
[2025-07-06 21:18:41Z INFO Terminal] WRITE: Enter name of work folder: 
[2025-07-06 21:18:41Z INFO Terminal] WRITE: [press Enter for _work] 
[2025-07-06 21:18:41Z INFO Terminal] READ LINE
[2025-07-06 21:19:05Z INFO Terminal] Read value: ''
[2025-07-06 21:19:05Z INFO PromptManager] Falling back to the default: '_work'
[2025-07-06 21:19:05Z INFO ConfigurationStore] Saving runner settings.
[2025-07-06 21:19:05Z INFO ConfigurationStore] Settings Saved.
[2025-07-06 21:19:05Z INFO Terminal] WRITE LINE: 
[2025-07-06 21:19:05Z INFO Terminal] WRITE LINE: 
[2025-07-06 21:19:05Z INFO CommandSettings] Flag 'runasservice': 'False'
[2025-07-06 21:19:05Z INFO CommandSettings] Flag 'unattended': 'False'
[2025-07-06 21:19:05Z INFO PromptManager] ReadValue
[2025-07-06 21:19:05Z INFO Terminal] WRITE: Would you like to run the runner as service? (Y/N) 
[2025-07-06 21:19:05Z INFO Terminal] WRITE: [press Enter for N] 
[2025-07-06 21:19:05Z INFO Terminal] READ LINE
[2025-07-06 21:19:30Z INFO Terminal] Read value: 'y'
[2025-07-06 21:19:30Z INFO ConfigurationManager] Configuring to run the agent as service
[2025-07-06 21:19:30Z INFO CommandSettings] Arg 'windowslogonaccount': ''
[2025-07-06 21:19:30Z INFO CommandSettings] Flag 'unattended': 'False'
[2025-07-06 21:19:30Z INFO PromptManager] ReadValue
[2025-07-06 21:19:30Z INFO Terminal] WRITE: User account to use for the service 
[2025-07-06 21:19:30Z INFO Terminal] WRITE: [press Enter for NT AUTHORITY\Servicio de red] 
[2025-07-06 21:19:30Z INFO Terminal] READ LINE
[2025-07-06 21:19:35Z INFO Terminal] Read value: ''
[2025-07-06 21:19:35Z INFO PromptManager] Falling back to the default: 'NT AUTHORITY\Servicio de red'
[2025-07-06 21:19:35Z INFO WindowsServiceControlManager] LogonAccount after transforming: NT AUTHORITY\Servicio de red, user: Servicio de red, domain: NT AUTHORITY
[2025-07-06 21:19:35Z INFO WindowsServiceControlManager] Service name 'actions.runner.FPConsultorias-FPConsultorias.DESKTOP-60NN6RQ' display name 'GitHub Actions Runner (FPConsultorias-FPConsultorias.DESKTOP-60NN6RQ)' will be used for service configuration.
[2025-07-06 21:19:35Z INFO WindowsServiceControlManager] Verifying if the account has LogonAsService permission
[2025-07-06 21:19:35Z INFO NativeWindowsServiceHelper] Successfully grant logon as service privilege to account 'Servicio de red'
[2025-07-06 21:19:35Z INFO WindowsServiceControlManager] Create local group and grant folder permission to service logon account.
[2025-07-06 21:19:35Z INFO HostContext] Well known directory 'Bin': 'C:\Users\Fernando\FPConsultorias\actions-runner\bin'
[2025-07-06 21:19:35Z INFO HostContext] Well known directory 'Root': 'C:\Users\Fernando\FPConsultorias\actions-runner'
[2025-07-06 21:19:35Z INFO ConfigurationStore] Read setting file: 319 chars
[2025-07-06 21:19:35Z INFO HostContext] Well known directory 'Bin': 'C:\Users\Fernando\FPConsultorias\actions-runner\bin'
[2025-07-06 21:19:35Z INFO HostContext] Well known directory 'Root': 'C:\Users\Fernando\FPConsultorias\actions-runner'
[2025-07-06 21:19:35Z INFO HostContext] Well known directory 'Work': 'C:\Users\Fernando\FPConsultorias\actions-runner\_work'
[2025-07-06 21:19:35Z INFO HostContext] Well known directory 'Bin': 'C:\Users\Fernando\FPConsultorias\actions-runner\bin'
[2025-07-06 21:19:35Z INFO NativeWindowsServiceHelper] Calculated unique group name GITHUB_ActionsRunner_G818a2
[2025-07-06 21:19:35Z INFO NativeWindowsServiceHelper] Trying to create group GITHUB_ActionsRunner_G818a2
[2025-07-06 21:19:35Z INFO NativeWindowsServiceHelper] Local Group 'GITHUB_ActionsRunner_G818a2' created
[2025-07-06 21:19:35Z INFO NativeWindowsServiceHelper] Trying to add userName NT AUTHORITY\Servicio de red to the group GITHUB_ActionsRunner_G818a2
[2025-07-06 21:19:35Z INFO NativeWindowsServiceHelper] Account 'NT AUTHORITY\Servicio de red' is added to local group 'GITHUB_ActionsRunner_G818a2'.
[2025-07-06 21:19:35Z INFO NativeWindowsServiceHelper] Set full access control to group for the folder C:\Users\Fernando\FPConsultorias\actions-runner
[2025-07-06 21:19:36Z INFO NativeWindowsServiceHelper] Set full access control to group for the folder C:\Users\Fernando\FPConsultorias\actions-runner\_work
[2025-07-06 21:19:36Z INFO NativeWindowsServiceHelper] Local group 'GITHUB_ActionsRunner_G818a2' already has full control to path 'C:\Users\Fernando\FPConsultorias\actions-runner\_work'.
[2025-07-06 21:19:36Z INFO Terminal] WRITE LINE: Granting file permissions to 'NT AUTHORITY\Servicio de red'.
[2025-07-06 21:19:36Z INFO HostContext] Well known directory 'Bin': 'C:\Users\Fernando\FPConsultorias\actions-runner\bin'
[2025-07-06 21:19:36Z INFO ProcessInvokerWrapper] Starting process:
[2025-07-06 21:19:36Z INFO ProcessInvokerWrapper]   File name: '"C:\Users\Fernando\FPConsultorias\actions-runner\bin\RunnerService.exe"'
[2025-07-06 21:19:36Z INFO ProcessInvokerWrapper]   Arguments: 'init'
[2025-07-06 21:19:36Z INFO ProcessInvokerWrapper]   Working directory: ''
[2025-07-06 21:19:36Z INFO ProcessInvokerWrapper]   Require exit code zero: 'True'
[2025-07-06 21:19:36Z INFO ProcessInvokerWrapper]   Encoding web name:  ; code page: ''
[2025-07-06 21:19:36Z INFO ProcessInvokerWrapper]   Force kill process on cancellation: 'False'
[2025-07-06 21:19:36Z INFO ProcessInvokerWrapper]   Redirected STDIN: 'False'
[2025-07-06 21:19:36Z INFO ProcessInvokerWrapper]   Persist current code page: 'False'
[2025-07-06 21:19:36Z INFO ProcessInvokerWrapper]   Keep redirected STDIN open: 'False'
[2025-07-06 21:19:36Z INFO ProcessInvokerWrapper]   High priority process: 'False'
[2025-07-06 21:19:36Z INFO ProcessInvokerWrapper] Process started with process id 3264, waiting for process exit.
[2025-07-06 21:19:36Z INFO ProcessInvokerWrapper] STDOUT/STDERR stream read finished.
[2025-07-06 21:19:36Z INFO ProcessInvokerWrapper] STDOUT/STDERR stream read finished.
[2025-07-06 21:19:36Z INFO ProcessInvokerWrapper] Finished process 3264 with exit code 0, and elapsed time 00:00:00.8477031.
[2025-07-06 21:19:36Z INFO Terminal] WRITE LINE: Service actions.runner.FPConsultorias-FPConsultorias.DESKTOP-60NN6RQ successfully installed
[2025-07-06 21:19:36Z INFO Terminal] WRITE LINE: Service actions.runner.FPConsultorias-FPConsultorias.DESKTOP-60NN6RQ successfully set recovery option
[2025-07-06 21:19:36Z INFO Terminal] WRITE LINE: Service actions.runner.FPConsultorias-FPConsultorias.DESKTOP-60NN6RQ successfully set to delayed auto start
[2025-07-06 21:19:36Z INFO Terminal] WRITE LINE: Service actions.runner.FPConsultorias-FPConsultorias.DESKTOP-60NN6RQ successfully configured
[2025-07-06 21:19:36Z INFO HostContext] Well known directory 'Bin': 'C:\Users\Fernando\FPConsultorias\actions-runner\bin'
[2025-07-06 21:19:36Z INFO HostContext] Well known directory 'Root': 'C:\Users\Fernando\FPConsultorias\actions-runner'
[2025-07-06 21:19:36Z INFO HostContext] Well known config file 'Service': 'C:\Users\Fernando\FPConsultorias\actions-runner\.service'
[2025-07-06 21:19:36Z INFO WindowsServiceControlManager] Configuration was successful, trying to start the service
[2025-07-06 21:19:37Z INFO Terminal] WRITE LINE: Waiting for service to start...
[2025-07-06 21:19:37Z INFO Terminal] WRITE LINE: Service actions.runner.FPConsultorias-FPConsultorias.DESKTOP-60NN6RQ started successfully
[2025-07-06 21:19:37Z INFO Listener] Runner execution has finished with return code 0
