[2025-07-06 21:09:53Z INFO HostContext] No proxy settings were found based on environmental variables (http_proxy/https_proxy/HTTP_PROXY/HTTPS_PROXY)
[2025-07-06 21:09:53Z INFO HostContext] Well known directory 'Bin': 'C:\Users\Fernando\FPConsultorias\actions-runner\bin'
[2025-07-06 21:09:53Z INFO HostContext] Well known directory 'Root': 'C:\Users\Fernando\FPConsultorias\actions-runner'
[2025-07-06 21:09:53Z INFO HostContext] Well known config file 'Credentials': 'C:\Users\Fernando\FPConsultorias\actions-runner\.credentials'
[2025-07-06 21:09:54Z INFO HostContext] Well known directory 'Bin': 'C:\Users\Fernando\FPConsultorias\actions-runner\bin'
[2025-07-06 21:09:54Z INFO HostContext] Well known directory 'Root': 'C:\Users\Fernando\FPConsultorias\actions-runner'
[2025-07-06 21:09:54Z INFO HostContext] Well known config file 'Runner': 'C:\Users\Fernando\FPConsultorias\actions-runner\.runner'
[2025-07-06 21:09:54Z INFO Listener] Runner is built for Windows (X64) - win-x64.
[2025-07-06 21:09:54Z INFO Listener] RuntimeInformation: Microsoft Windows 10.0.19044.
[2025-07-06 21:09:54Z INFO Listener] Version: 2.314.1
[2025-07-06 21:09:54Z INFO Listener] Commit: 976290d966e6cc3e748a49bf8fdbe139ff764201
[2025-07-06 21:09:54Z INFO Listener] Culture: es-CO
[2025-07-06 21:09:54Z INFO Listener] UI Culture: es-ES
[2025-07-06 21:09:54Z INFO HostContext] Well known directory 'Bin': 'C:\Users\Fernando\FPConsultorias\actions-runner\bin'
[2025-07-06 21:09:54Z INFO HostContext] Well known directory 'Root': 'C:\Users\Fernando\FPConsultorias\actions-runner'
[2025-07-06 21:09:54Z INFO Listener] Validating directory permissions for: 'C:\Users\Fernando\FPConsultorias\actions-runner'
[2025-07-06 21:09:54Z INFO CommandLineParser] Parse
[2025-07-06 21:09:54Z INFO CommandLineParser] Parsing 3 args
[2025-07-06 21:09:54Z INFO CommandLineParser] parsing argument
[2025-07-06 21:09:54Z INFO CommandLineParser] HasArgs: False
[2025-07-06 21:09:54Z INFO CommandLineParser] Adding Command: remove
[2025-07-06 21:09:54Z INFO CommandLineParser] parsing argument
[2025-07-06 21:09:54Z INFO CommandLineParser] HasArgs: True
[2025-07-06 21:09:54Z INFO CommandLineParser] arg: token
[2025-07-06 21:09:54Z INFO CommandLineParser] parsing argument
[2025-07-06 21:09:54Z INFO CommandLineParser] HasArgs: True
[2025-07-06 21:09:54Z INFO CommandLineParser] Adding option 'token': '***'
[2025-07-06 21:09:54Z INFO Listener] Arguments parsed
[2025-07-06 21:09:54Z INFO Runner] ExecuteCommand
[2025-07-06 21:09:54Z INFO ConfigurationStore] currentAssemblyLocation: C:\Users\Fernando\FPConsultorias\actions-runner\bin\Runner.Listener.dll
[2025-07-06 21:09:54Z INFO HostContext] Well known directory 'Bin': 'C:\Users\Fernando\FPConsultorias\actions-runner\bin'
[2025-07-06 21:09:54Z INFO ConfigurationStore] binPath: C:\Users\Fernando\FPConsultorias\actions-runner\bin
[2025-07-06 21:09:54Z INFO HostContext] Well known directory 'Bin': 'C:\Users\Fernando\FPConsultorias\actions-runner\bin'
[2025-07-06 21:09:54Z INFO HostContext] Well known directory 'Root': 'C:\Users\Fernando\FPConsultorias\actions-runner'
[2025-07-06 21:09:54Z INFO ConfigurationStore] RootFolder: C:\Users\Fernando\FPConsultorias\actions-runner
[2025-07-06 21:09:54Z INFO HostContext] Well known directory 'Bin': 'C:\Users\Fernando\FPConsultorias\actions-runner\bin'
[2025-07-06 21:09:54Z INFO HostContext] Well known directory 'Root': 'C:\Users\Fernando\FPConsultorias\actions-runner'
[2025-07-06 21:09:54Z INFO HostContext] Well known config file 'Runner': 'C:\Users\Fernando\FPConsultorias\actions-runner\.runner'
[2025-07-06 21:09:54Z INFO ConfigurationStore] ConfigFilePath: C:\Users\Fernando\FPConsultorias\actions-runner\.runner
[2025-07-06 21:09:54Z INFO HostContext] Well known directory 'Bin': 'C:\Users\Fernando\FPConsultorias\actions-runner\bin'
[2025-07-06 21:09:54Z INFO HostContext] Well known directory 'Root': 'C:\Users\Fernando\FPConsultorias\actions-runner'
[2025-07-06 21:09:54Z INFO HostContext] Well known config file 'Credentials': 'C:\Users\Fernando\FPConsultorias\actions-runner\.credentials'
[2025-07-06 21:09:54Z INFO ConfigurationStore] CredFilePath: C:\Users\Fernando\FPConsultorias\actions-runner\.credentials
[2025-07-06 21:09:54Z INFO HostContext] Well known directory 'Bin': 'C:\Users\Fernando\FPConsultorias\actions-runner\bin'
[2025-07-06 21:09:54Z INFO HostContext] Well known directory 'Root': 'C:\Users\Fernando\FPConsultorias\actions-runner'
[2025-07-06 21:09:54Z INFO HostContext] Well known config file 'MigratedCredentials': 'C:\Users\Fernando\FPConsultorias\actions-runner\.credentials_migrated'
[2025-07-06 21:09:54Z INFO ConfigurationStore] MigratedCredFilePath: C:\Users\Fernando\FPConsultorias\actions-runner\.credentials_migrated
[2025-07-06 21:09:54Z INFO HostContext] Well known directory 'Bin': 'C:\Users\Fernando\FPConsultorias\actions-runner\bin'
[2025-07-06 21:09:54Z INFO HostContext] Well known directory 'Root': 'C:\Users\Fernando\FPConsultorias\actions-runner'
[2025-07-06 21:09:54Z INFO HostContext] Well known config file 'Service': 'C:\Users\Fernando\FPConsultorias\actions-runner\.service'
[2025-07-06 21:09:54Z INFO ConfigurationStore] ServiceConfigFilePath: C:\Users\Fernando\FPConsultorias\actions-runner\.service
[2025-07-06 21:09:54Z INFO CommandSettings] Flag 'help': 'False'
[2025-07-06 21:09:54Z INFO CommandSettings] Flag 'version': 'False'
[2025-07-06 21:09:54Z INFO CommandSettings] Flag 'commit': 'False'
[2025-07-06 21:09:54Z INFO CommandSettings] Flag 'check': 'False'
[2025-07-06 21:09:54Z INFO CommandSettings] Command 'configure': 'False'
[2025-07-06 21:09:54Z INFO CommandSettings] Command 'remove': 'True'
[2025-07-06 21:09:54Z INFO CommandSettings] Flag 'local': 'False'
[2025-07-06 21:09:54Z INFO ConfigurationStore] IsServiceConfigured()
[2025-07-06 21:09:54Z INFO ConfigurationStore] IsServiceConfigured: False
[2025-07-06 21:09:54Z INFO ConfigurationStore] IsConfigured()
[2025-07-06 21:09:54Z INFO ConfigurationStore] IsConfigured: True
[2025-07-06 21:09:54Z INFO ConfigurationStore] HasCredentials()
[2025-07-06 21:09:54Z INFO ConfigurationStore] stored True
[2025-07-06 21:09:54Z INFO ConfigurationStore] Read setting file: 319 chars
[2025-07-06 21:09:54Z INFO CommandSettings] Arg 'token': '***'
[2025-07-06 21:09:54Z INFO CommandSettings] Remove token from Arg dictionary.
[2025-07-06 21:09:54Z INFO ConfigurationManager] Http response code: OK from 'POST https://api.github.com/actions/runner-registration' (C9A3:1DD7B0:540A8:AB42B:686AE624)
[2025-07-06 21:09:54Z INFO ConfigurationManager] cred retrieved via GitHub auth
[2025-07-06 21:09:54Z INFO RunnerServer] EstablishVssConnection
[2025-07-06 21:09:54Z INFO RunnerServer] Establish connection with 100 seconds timeout.
[2025-07-06 21:09:54Z INFO GitHubActionsService] Starting operation Location.GetConnectionData
[2025-07-06 21:09:54Z INFO RunnerServer] EstablishVssConnection
[2025-07-06 21:09:54Z INFO RunnerServer] Establish connection with 60 seconds timeout.
[2025-07-06 21:09:55Z INFO GitHubActionsService] Starting operation Location.GetConnectionData
[2025-07-06 21:09:55Z INFO RunnerServer] EstablishVssConnection
[2025-07-06 21:09:55Z INFO RunnerServer] Establish connection with 60 seconds timeout.
[2025-07-06 21:09:55Z INFO GitHubActionsService] Starting operation Location.GetConnectionData
[2025-07-06 21:09:55Z INFO GitHubActionsService] Finished operation Location.GetConnectionData
[2025-07-06 21:09:55Z INFO GitHubActionsService] Finished operation Location.GetConnectionData
[2025-07-06 21:09:55Z INFO GitHubActionsService] Finished operation Location.GetConnectionData
[2025-07-06 21:09:56Z INFO Terminal] WRITE LINE: 
[2025-07-06 21:09:56Z INFO ConfigurationStore] IsConfigured()
[2025-07-06 21:09:56Z INFO ConfigurationStore] IsConfigured: True
[2025-07-06 21:09:56Z INFO ConfigurationStore] HasCredentials()
[2025-07-06 21:09:56Z INFO ConfigurationStore] stored True
[2025-07-06 21:09:56Z INFO HostContext] Well known directory 'Bin': 'C:\Users\Fernando\FPConsultorias\actions-runner\bin'
[2025-07-06 21:09:56Z INFO HostContext] Well known directory 'Root': 'C:\Users\Fernando\FPConsultorias\actions-runner'
[2025-07-06 21:09:56Z INFO HostContext] Well known config file 'RSACredentials': 'C:\Users\Fernando\FPConsultorias\actions-runner\.credentials_rsaparams'
[2025-07-06 21:09:56Z INFO RSAEncryptedFileKeyManager] Deleting RSA key parameters file C:\Users\Fernando\FPConsultorias\actions-runner\.credentials_rsaparams
[2025-07-06 21:09:56Z INFO Terminal] WRITE LINE: 
[2025-07-06 21:09:56Z INFO Listener] Runner execution has finished with return code 0
